[12:32:06] [Datafixer Bootstrap/INFO]: 218 Datafixer optimizations took 506 milliseconds
[12:32:09] [Render thread/INFO]: Environment: Environment[sessionHost=https://sessionserver.mojang.com, servicesHost=https://api.minecraftservices.com, name=PROD]
[12:32:09] [Render thread/INFO]: Setting user: Capt_Tanuki
[12:32:09] [Render thread/INFO]: Backend library: LWJGL version 3.3.2+13
[12:32:11] [Render thread/INFO]: Reloading ResourceManager: vanilla
[12:32:11] [Worker-Main-1/INFO]: Found unifont_all_no_pua-15.1.04.hex, loading
[12:32:12] [Worker-Main-3/INFO]: Found unifont_jp_patch-15.1.04.hex, loading
[12:32:14] [Render thread/WARN]: Missing sound for event: nothingtoseeheremovealong:intentionally_empty
[12:32:14] [Render thread/WARN]: Missing sound for event: minecraft:item.goat_horn.play
[12:32:14] [Render thread/WARN]: Missing sound for event: minecraft:entity.goat.screaming.horn_break
[12:32:14] [Render thread/INFO]: OpenAL initialized on device OpenAL Soft on Speakers / Headphones (Realtek Audio)
[12:32:14] [Render thread/INFO]: Sound engine started
[12:32:14] [Render thread/INFO]: Created: 1024x512x4 minecraft:textures/atlas/blocks.png-atlas
[12:32:16] [Render thread/INFO]: Created: 256x256x4 minecraft:textures/atlas/signs.png-atlas
[12:32:16] [Render thread/INFO]: Created: 512x512x4 minecraft:textures/atlas/shield_patterns.png-atlas
[12:32:16] [Render thread/INFO]: Created: 512x512x4 minecraft:textures/atlas/banner_patterns.png-atlas
[12:32:16] [Render thread/INFO]: Created: 2048x1024x4 minecraft:textures/atlas/armor_trims.png-atlas
[12:32:20] [Render thread/INFO]: Created: 128x64x4 minecraft:textures/atlas/decorated_pot.png-atlas
[12:32:20] [Render thread/INFO]: Created: 256x256x4 minecraft:textures/atlas/chest.png-atlas
[12:32:20] [Render thread/INFO]: Created: 512x256x4 minecraft:textures/atlas/shulker_boxes.png-atlas
[12:32:20] [Render thread/INFO]: Created: 512x256x4 minecraft:textures/atlas/beds.png-atlas
[12:32:20] [Render thread/INFO]: Created: 512x256x0 minecraft:textures/atlas/particles.png-atlas
[12:32:20] [Render thread/INFO]: Created: 512x256x0 minecraft:textures/atlas/paintings.png-atlas
[12:32:20] [Render thread/INFO]: Created: 128x128x0 minecraft:textures/atlas/mob_effects.png-atlas
[12:32:20] [Render thread/INFO]: Created: 64x64x0 minecraft:textures/atlas/map_decorations.png-atlas
[12:32:20] [Render thread/INFO]: Created: 1024x512x0 minecraft:textures/atlas/gui.png-atlas
[12:32:21] [Render thread/WARN]: Shader rendertype_entity_translucent_emissive could not find sampler named Sampler2 in the specified shader program.
[12:33:40] [Render thread/INFO]: Loaded 9 recipes
[12:33:41] [Render thread/INFO]: Loaded 1418 advancements
[12:34:05] [Server thread/INFO]: Starting integrated minecraft server version 24w14potato
[12:34:05] [Server thread/INFO]: Generating keypair
[12:34:27] [Server thread/INFO]: Preparing start region for dimension minecraft:overworld
[12:34:28] [Render thread/INFO]: Preparing spawn area: 4%
[12:34:28] [Render thread/INFO]: Preparing spawn area: 4%
[12:34:28] [Render thread/INFO]: Preparing spawn area: 4%
[12:34:28] [Render thread/INFO]: Preparing spawn area: 4%
[12:34:30] [Render thread/INFO]: Preparing spawn area: 4%
[12:34:30] [Render thread/INFO]: Preparing spawn area: 4%
[12:34:30] [Render thread/INFO]: Preparing spawn area: 4%
[12:34:31] [Render thread/INFO]: Preparing spawn area: 4%
[12:34:31] [Render thread/INFO]: Preparing spawn area: 4%
[12:34:33] [Render thread/INFO]: Preparing spawn area: 4%
[12:34:34] [Render thread/INFO]: Preparing spawn area: 4%
[12:34:34] [Render thread/INFO]: Preparing spawn area: 4%
[12:34:34] [Render thread/INFO]: Preparing spawn area: 4%
[12:34:34] [Render thread/INFO]: Preparing spawn area: 4%
[12:34:34] [Render thread/INFO]: Preparing spawn area: 4%
[12:34:34] [Render thread/INFO]: Preparing spawn area: 4%
[12:34:35] [Render thread/INFO]: Preparing spawn area: 4%
[12:34:36] [Render thread/INFO]: Preparing spawn area: 4%
[12:34:36] [Render thread/INFO]: Preparing spawn area: 4%
[12:34:36] [Render thread/INFO]: Preparing spawn area: 6%
[12:34:38] [Render thread/INFO]: Preparing spawn area: 6%
[12:34:38] [Render thread/INFO]: Preparing spawn area: 6%
[12:34:38] [Render thread/INFO]: Preparing spawn area: 10%
[12:34:39] [Render thread/INFO]: Preparing spawn area: 12%
[12:34:39] [Render thread/INFO]: Preparing spawn area: 12%
[12:34:39] [Render thread/INFO]: Preparing spawn area: 14%
[12:34:40] [Render thread/INFO]: Preparing spawn area: 18%
[12:34:40] [Render thread/INFO]: Preparing spawn area: 18%
[12:34:41] [Render thread/INFO]: Preparing spawn area: 18%
[12:34:41] [Render thread/INFO]: Preparing spawn area: 18%
[12:34:42] [Render thread/INFO]: Preparing spawn area: 18%
[12:34:42] [Render thread/INFO]: Preparing spawn area: 18%
[12:34:43] [Render thread/INFO]: Preparing spawn area: 20%
[12:34:43] [Render thread/INFO]: Preparing spawn area: 20%
[12:34:44] [Render thread/INFO]: Preparing spawn area: 26%
[12:34:44] [Render thread/INFO]: Preparing spawn area: 30%
[12:34:45] [Render thread/INFO]: Preparing spawn area: 34%
[12:34:45] [Render thread/INFO]: Preparing spawn area: 40%
[12:34:46] [Render thread/INFO]: Preparing spawn area: 40%
[12:34:46] [Render thread/INFO]: Preparing spawn area: 46%
[12:34:47] [Render thread/INFO]: Preparing spawn area: 51%
[12:34:47] [Render thread/INFO]: Preparing spawn area: 53%
[12:34:48] [Render thread/INFO]: Preparing spawn area: 55%
[12:34:48] [Render thread/INFO]: Preparing spawn area: 59%
[12:34:49] [Render thread/INFO]: Preparing spawn area: 65%
[12:34:49] [Render thread/INFO]: Preparing spawn area: 65%
[12:34:50] [Render thread/INFO]: Preparing spawn area: 73%
[12:34:51] [Render thread/INFO]: Preparing spawn area: 73%
[12:34:51] [Render thread/INFO]: Preparing spawn area: 81%
[12:34:51] [Render thread/INFO]: Preparing spawn area: 83%
[12:34:52] [Render thread/INFO]: Preparing spawn area: 89%
[12:34:52] [Render thread/INFO]: Time elapsed: 25437 ms
[12:34:53] [Server thread/INFO]: Changing view distance to 12, from 10
[12:34:53] [Server thread/INFO]: Changing simulation distance to 12, from 0
[12:34:57] [Server thread/INFO]: Capt_Tanuki[local:E:553d0aca] logged in with entity id 20 at (-6.5, 97.0, -7.5)
[12:34:57] [Server thread/INFO]: Capt_Tanuki joined the game
[12:34:57] [Render thread/WARN]: Unknown recipe category: minecraft:poisonous_potato_cutting/minecraft:poisonous_potato_slices_from_poisonous_potato_poisonous_potato_cutting
[12:34:57] [Render thread/WARN]: Unknown recipe category: minecraft:poisonous_potato_cutting/minecraft:poisonous_potato_sticks_from_poisonous_potato_poisonous_potato_cutting
[12:34:57] [Render thread/INFO]: Loaded 2 advancements
[12:34:58] [Render thread/INFO]: Loaded 17 advancements
[12:34:58] [Server thread/INFO]: Saving and pausing game...
[12:34:58] [Server thread/INFO]: Saving chunks for level 'ServerLevel[New World]'/minecraft:overworld
[12:34:58] [Server thread/INFO]: Saving chunks for level 'ServerLevel[New World]'/minecraft:the_nether
[12:34:58] [Server thread/INFO]: Saving chunks for level 'ServerLevel[New World]'/minecraft:the_end
[12:34:58] [Server thread/INFO]: Saving chunks for level 'ServerLevel[New World]'/minecraft:potato
[12:35:23] [Server thread/WARN]: Can't keep up! Is the server overloaded? Running 2783ms or 55 ticks behind
[12:35:35] [Render thread/INFO]: Loaded 18 advancements
[12:35:37] [Render thread/INFO]: Loaded 22 advancements
[12:35:37] [Render thread/INFO]: Loaded 24 advancements
[12:35:39] [Render thread/INFO]: Loaded 26 advancements
[12:35:40] [Server thread/WARN]: Can't keep up! Is the server overloaded? Running 2073ms or 41 ticks behind
[12:35:41] [Render thread/INFO]: Loaded 36 advancements
[12:36:27] [Render thread/INFO]: Loaded 39 advancements
[12:37:14] [Render thread/WARN]: Unable to play empty soundEvent: minecraft:entity.salmon.ambient
[12:37:43] [Render thread/INFO]: Loaded 48 advancements
[12:38:06] [Server thread/INFO]: Saving and pausing game...
[12:38:06] [Server thread/INFO]: Saving chunks for level 'ServerLevel[New World]'/minecraft:overworld
[12:38:06] [Server thread/INFO]: Saving chunks for level 'ServerLevel[New World]'/minecraft:the_nether
[12:38:06] [Server thread/INFO]: Saving chunks for level 'ServerLevel[New World]'/minecraft:the_end
[12:38:06] [Server thread/INFO]: Saving chunks for level 'ServerLevel[New World]'/minecraft:potato
[12:39:50] [Render thread/INFO]: Loaded 67 advancements
[12:41:26] [Server thread/INFO]: Saving and pausing game...
[12:41:26] [Server thread/INFO]: Saving chunks for level 'ServerLevel[New World]'/minecraft:overworld
[12:41:26] [Server thread/INFO]: Saving chunks for level 'ServerLevel[New World]'/minecraft:the_nether
[12:41:26] [Server thread/INFO]: Saving chunks for level 'ServerLevel[New World]'/minecraft:the_end
[12:41:26] [Server thread/INFO]: Saving chunks for level 'ServerLevel[New World]'/minecraft:potato
[12:42:21] [Server thread/INFO]: Saving and pausing game...
[12:42:21] [Server thread/INFO]: Saving chunks for level 'ServerLevel[New World]'/minecraft:overworld
[12:42:21] [Server thread/INFO]: Saving chunks for level 'ServerLevel[New World]'/minecraft:the_nether
[12:42:21] [Server thread/INFO]: Saving chunks for level 'ServerLevel[New World]'/minecraft:the_end
[12:42:21] [Server thread/INFO]: Saving chunks for level 'ServerLevel[New World]'/minecraft:potato
[12:50:03] [Server thread/INFO]: Saving and pausing game...
[12:50:03] [Server thread/INFO]: Saving chunks for level 'ServerLevel[New World]'/minecraft:overworld
[12:50:03] [Server thread/INFO]: Saving chunks for level 'ServerLevel[New World]'/minecraft:the_nether
[12:50:03] [Server thread/INFO]: Saving chunks for level 'ServerLevel[New World]'/minecraft:the_end
[12:50:03] [Server thread/INFO]: Saving chunks for level 'ServerLevel[New World]'/minecraft:potato
[12:50:05] [Server thread/INFO]: Capt_Tanuki lost connection: Disconnected
[12:50:05] [Server thread/INFO]: Capt_Tanuki left the game
[12:50:05] [Server thread/INFO]: Stopping singleplayer server as player logged out
[12:50:05] [Server thread/INFO]: Stopping server
[12:50:05] [Server thread/INFO]: Saving players
[12:50:05] [Server thread/INFO]: Saving worlds
[12:50:25] [Server thread/INFO]: Saving chunks for level 'ServerLevel[New World]'/minecraft:overworld
[12:50:26] [Server thread/INFO]: Saving chunks for level 'ServerLevel[New World]'/minecraft:the_nether
[12:50:26] [Server thread/INFO]: Saving chunks for level 'ServerLevel[New World]'/minecraft:the_end
[12:50:26] [Server thread/INFO]: Saving chunks for level 'ServerLevel[New World]'/minecraft:potato
[12:50:26] [Server thread/INFO]: ThreadedAnvilChunkStorage (New World): All chunks are saved
[12:50:26] [Server thread/INFO]: ThreadedAnvilChunkStorage (DIM-1): All chunks are saved
[12:50:26] [Server thread/INFO]: ThreadedAnvilChunkStorage (DIM1): All chunks are saved
[12:50:26] [Server thread/INFO]: ThreadedAnvilChunkStorage (potato): All chunks are saved
[12:50:26] [Server thread/INFO]: ThreadedAnvilChunkStorage: All dimensions are saved
[12:50:56] [Render thread/INFO]: Stopping!
